<?xml version="1.0" encoding="UTF-8" ?>
<testsuites>
<testsuite name="Owncloud.Login" errors="0" tests="19" failures="0" time="839.555" timestamp="2015-05-22T13:41:15">
  <testcase classname="Owncloud.Login" name="login-portrait" time="27.609"></testcase>
  <testcase classname="Owncloud.Login" name="login-landscape" time="18.893"></testcase>
  <testcase classname="Owncloud.Login" name="login-landscape-rotate" time="27.224"></testcase>
  <testcase classname="Owncloud.Login" name="login-portrait-rotate" time="22.469"></testcase>
  <testcase classname="Owncloud.Login" name="loginSpecialCharacter-landscape-portrait" time="23.27"></testcase>
  <testcase classname="Owncloud.Login" name="multiaccount-portrait" time="39.876"></testcase>
  <testcase classname="Owncloud.Login" name="multiaccount-landscape" time="36.69"></testcase>
  <testcase classname="Owncloud.Login" name="multiaccount-portrait-rotate" time="41.257"></testcase>
  <testcase classname="Owncloud.Login" name="incorrectServer-portrait" time="186.082"></testcase>
  <testcase classname="Owncloud.Login" name="incorrectServer-landscape-rotate" time="191.265"></testcase>
  <testcase classname="Owncloud.Login" name="emptyPassword-landscape" time="15.258"></testcase>
  <testcase classname="Owncloud.Login" name="emptyPassword-portrait" time="17.034"></testcase>
  <testcase classname="Owncloud.Login" name="emptyPassword-portrait-rotate" time="20.729"></testcase>
  <testcase classname="Owncloud.Login" name="incorrectPassword-landscape" time="16.758"></testcase>
  <testcase classname="Owncloud.Login" name="incorrectPassword-portrait" time="20.345"></testcase>
  <testcase classname="Owncloud.Login" name="incorrectPassword-portrait-rotate" time="20.101"></testcase>
  <testcase classname="Owncloud.Login" name="existingAccount-portrait" time="39.586"></testcase>
  <testcase classname="Owncloud.Login" name="existingAccount-landscape" time="36.589"></testcase>
  <testcase classname="Owncloud.Login" name="existingAccount-landscape-rotate" time="38.489"></testcase>
</testsuite>
</testsuites>
